<?xml version="1.0" encoding="UTF-8"?>
<testng-results ignored="0" total="3" passed="3" failed="0" skipped="0">
  <reporter-output>
  </reporter-output>
  <suite started-at="2025-06-08T22:28:31 IST" name="SauceDemoTestSuite" finished-at="2025-06-08T22:29:05 IST" duration-ms="34063">
    <groups>
    </groups>
    <test started-at="2025-06-08T22:28:31 IST" name="LoginTests" finished-at="2025-06-08T22:29:05 IST" duration-ms="34063">
      <class name="tests.LoginTest">
        <test-method is-config="true" signature="setupExtentReport()[pri:0, instance:tests.LoginTest@928763c]" started-at="2025-06-08T22:28:31 IST" name="setupExtentReport" finished-at="2025-06-08T22:28:31 IST" duration-ms="15" status="PASS">
          <reporter-output>
          </reporter-output>
        </test-method> <!-- setupExtentReport -->
        <test-method is-config="true" signature="setup()[pri:0, instance:tests.LoginTest@928763c]" started-at="2025-06-08T22:28:31 IST" name="setup" finished-at="2025-06-08T22:28:37 IST" duration-ms="6668" status="PASS">
          <reporter-output>
          </reporter-output>
        </test-method> <!-- setup -->
        <test-method signature="testLogin(java.lang.String,java.lang.String,boolean)[pri:0, instance:tests.LoginTest@928763c]" started-at="2025-06-08T22:28:37 IST" name="testLogin" data-provider="loginData" finished-at="2025-06-08T22:28:44 IST" duration-ms="6482" status="PASS">
          <params>
            <param index="0">
              <value>
                <![CDATA[standard_user]]>
              </value>
            </param>
            <param index="1">
              <value>
                <![CDATA[secret_sauce]]>
              </value>
            </param>
            <param index="2">
              <value>
                <![CDATA[true]]>
              </value>
            </param>
          </params>
          <reporter-output>
          </reporter-output>
        </test-method> <!-- testLogin -->
        <test-method signature="testLogin(java.lang.String,java.lang.String,boolean)[pri:0, instance:tests.LoginTest@928763c]" started-at="2025-06-08T22:28:44 IST" name="testLogin" data-provider="loginData" finished-at="2025-06-08T22:28:49 IST" duration-ms="5304" status="PASS">
          <params>
            <param index="0">
              <value>
                <![CDATA[locked_out]]>
              </value>
            </param>
            <param index="1">
              <value>
                <![CDATA[standard]]>
              </value>
            </param>
            <param index="2">
              <value>
                <![CDATA[false]]>
              </value>
            </param>
          </params>
          <reporter-output>
          </reporter-output>
        </test-method> <!-- testLogin -->
        <test-method is-config="true" signature="tearDown()[pri:0, instance:tests.LoginTest@928763c]" started-at="2025-06-08T22:28:49 IST" name="tearDown" finished-at="2025-06-08T22:28:51 IST" duration-ms="1386" status="PASS">
          <reporter-output>
          </reporter-output>
        </test-method> <!-- tearDown -->
        <test-method is-config="true" signature="tearDownReporting()[pri:0, instance:tests.LoginTest@928763c]" started-at="2025-06-08T22:29:05 IST" name="tearDownReporting" finished-at="2025-06-08T22:29:05 IST" duration-ms="128" status="PASS">
          <reporter-output>
          </reporter-output>
        </test-method> <!-- tearDownReporting -->
      </class> <!-- tests.LoginTest -->
      <class name="tests.AddToCartTest">
        <test-method is-config="true" signature="setup()[pri:0, instance:tests.AddToCartTest@19976a65]" started-at="2025-06-08T22:28:51 IST" name="setup" finished-at="2025-06-08T22:28:57 IST" duration-ms="6063" status="PASS">
          <reporter-output>
          </reporter-output>
        </test-method> <!-- setup -->
        <test-method signature="testAddToCart(java.lang.String,java.lang.String,boolean)[pri:0, instance:tests.AddToCartTest@19976a65]" started-at="2025-06-08T22:28:57 IST" name="testAddToCart" data-provider="cartUserData" finished-at="2025-06-08T22:29:03 IST" duration-ms="6804" status="PASS">
          <params>
            <param index="0">
              <value>
                <![CDATA[standard_user]]>
              </value>
            </param>
            <param index="1">
              <value>
                <![CDATA[secret_sauce]]>
              </value>
            </param>
            <param index="2">
              <value>
                <![CDATA[true]]>
              </value>
            </param>
          </params>
          <reporter-output>
          </reporter-output>
        </test-method> <!-- testAddToCart -->
        <test-method is-config="true" signature="tearDown()[pri:0, instance:tests.AddToCartTest@19976a65]" started-at="2025-06-08T22:29:03 IST" name="tearDown" finished-at="2025-06-08T22:29:05 IST" duration-ms="1204" status="PASS">
          <reporter-output>
          </reporter-output>
        </test-method> <!-- tearDown -->
      </class> <!-- tests.AddToCartTest -->
    </test> <!-- LoginTests -->
  </suite> <!-- SauceDemoTestSuite -->
</testng-results>
