<?xml version="1.0" encoding="UTF-8"?>
<testng-results ignored="0" total="2" passed="2" failed="0" skipped="0">
  <reporter-output>
  </reporter-output>
  <suite started-at="2025-06-08T16:40:26 IST" name="SauceDemoTestSuite" finished-at="2025-06-08T16:40:47 IST" duration-ms="21067">
    <groups>
    </groups>
    <test started-at="2025-06-08T16:40:26 IST" name="LoginTests" finished-at="2025-06-08T16:40:47 IST" duration-ms="21067">
      <class name="tests.LoginTest">
        <test-method is-config="true" signature="setup()[pri:0, instance:tests.LoginTest@77659b30]" started-at="2025-06-08T16:40:26 IST" name="setup" finished-at="2025-06-08T16:40:34 IST" duration-ms="7678" status="PASS">
          <reporter-output>
          </reporter-output>
        </test-method> <!-- setup -->
        <test-method signature="testLogin(java.lang.String,java.lang.String,boolean)[pri:0, instance:tests.LoginTest@77659b30]" started-at="2025-06-08T16:40:34 IST" name="testLogin" data-provider="loginData" finished-at="2025-06-08T16:40:41 IST" duration-ms="7004" status="PASS">
          <params>
            <param index="0">
              <value>
                <![CDATA[standard_user]]>
              </value>
            </param>
            <param index="1">
              <value>
                <![CDATA[secret_sauce]]>
              </value>
            </param>
            <param index="2">
              <value>
                <![CDATA[true]]>
              </value>
            </param>
          </params>
          <reporter-output>
          </reporter-output>
        </test-method> <!-- testLogin -->
        <test-method signature="testLogin(java.lang.String,java.lang.String,boolean)[pri:0, instance:tests.LoginTest@77659b30]" started-at="2025-06-08T16:40:41 IST" name="testLogin" data-provider="loginData" finished-at="2025-06-08T16:40:46 IST" duration-ms="5149" status="PASS">
          <params>
            <param index="0">
              <value>
                <![CDATA[locked_out]]>
              </value>
            </param>
            <param index="1">
              <value>
                <![CDATA[standard]]>
              </value>
            </param>
            <param index="2">
              <value>
                <![CDATA[false]]>
              </value>
            </param>
          </params>
          <reporter-output>
          </reporter-output>
        </test-method> <!-- testLogin -->
        <test-method is-config="true" signature="tearDown()[pri:0, instance:tests.LoginTest@77659b30]" started-at="2025-06-08T16:40:46 IST" name="tearDown" finished-at="2025-06-08T16:40:47 IST" duration-ms="1126" status="PASS">
          <reporter-output>
          </reporter-output>
        </test-method> <!-- tearDown -->
      </class> <!-- tests.LoginTest -->
    </test> <!-- LoginTests -->
  </suite> <!-- SauceDemoTestSuite -->
</testng-results>
