<?xml version="1.0" encoding="UTF-8"?>
<testng-results ignored="0" total="3" passed="3" failed="0" skipped="0">
  <reporter-output>
  </reporter-output>
  <suite started-at="2025-06-02T14:41:59 IST" name="SauceDemoTestSuite" finished-at="2025-06-02T14:43:40 IST" duration-ms="101847">
    <groups>
    </groups>
    <test started-at="2025-06-02T14:41:59 IST" name="LoginTests" finished-at="2025-06-02T14:43:40 IST" duration-ms="101847">
      <class name="tests.SauceDemoTest">
        <test-method is-config="true" signature="setupSuite()[pri:0, instance:tests.SauceDemoTest@4c163e3]" started-at="2025-06-02T14:41:54 IST" name="setupSuite" finished-at="2025-06-02T14:41:59 IST" duration-ms="4134" status="PASS">
          <reporter-output>
          </reporter-output>
        </test-method> <!-- setupSuite -->
        <test-method signature="verifyTitle()[pri:1, instance:tests.SauceDemoTest@4c163e3]" started-at="2025-06-02T14:41:59 IST" name="verifyTitle" finished-at="2025-06-02T14:42:00 IST" duration-ms="952" status="PASS">
          <reporter-output>
          </reporter-output>
        </test-method> <!-- verifyTitle -->
        <test-method signature="positiveLoginTest(java.lang.String,java.lang.String)[pri:2, instance:tests.SauceDemoTest@4c163e3]" started-at="2025-06-02T14:42:00 IST" name="positiveLoginTest" finished-at="2025-06-02T14:42:01 IST" duration-ms="1127" status="PASS">
          <params>
            <param index="0">
              <value>
                <![CDATA[standard_user]]>
              </value>
            </param>
            <param index="1">
              <value>
                <![CDATA[secret_sauce]]>
              </value>
            </param>
          </params>
          <reporter-output>
          </reporter-output>
        </test-method> <!-- positiveLoginTest -->
        <test-method signature="negativeLoginTest(java.lang.String,java.lang.String)[pri:3, instance:tests.SauceDemoTest@4c163e3]" started-at="2025-06-02T14:42:01 IST" name="negativeLoginTest" finished-at="2025-06-02T14:43:40 IST" duration-ms="99677" status="PASS">
          <params>
            <param index="0">
              <value>
                <![CDATA[standard_Invaliduser]]>
              </value>
            </param>
            <param index="1">
              <value>
                <![CDATA[secret_Invalidpwd]]>
              </value>
            </param>
          </params>
          <reporter-output>
          </reporter-output>
        </test-method> <!-- negativeLoginTest -->
        <test-method is-config="true" signature="tearDownSuite()[pri:0, instance:tests.SauceDemoTest@4c163e3]" started-at="2025-06-02T14:43:40 IST" name="tearDownSuite" finished-at="2025-06-02T14:43:41 IST" duration-ms="537" status="PASS">
          <reporter-output>
          </reporter-output>
        </test-method> <!-- tearDownSuite -->
      </class> <!-- tests.SauceDemoTest -->
    </test> <!-- LoginTests -->
  </suite> <!-- SauceDemoTestSuite -->
</testng-results>
