<?xml version="1.0" encoding="UTF-8"?>
<testng-results ignored="0" total="3" passed="3" failed="0" skipped="0">
  <reporter-output>
  </reporter-output>
  <suite started-at="2025-06-06T15:47:26 IST" name="SauceDemoTestSuite" finished-at="2025-06-06T15:47:28 IST" duration-ms="1908">
    <groups>
    </groups>
    <test started-at="2025-06-06T15:47:26 IST" name="LoginTests" finished-at="2025-06-06T15:47:28 IST" duration-ms="1908">
      <class name="tests.SauceDemoTest">
        <test-method is-config="true" signature="setupSuite()[pri:0, instance:tests.SauceDemoTest@4201c465]" started-at="2025-06-06T15:47:23 IST" name="setupSuite" finished-at="2025-06-06T15:47:26 IST" duration-ms="2944" status="PASS">
          <reporter-output>
          </reporter-output>
        </test-method> <!-- setupSuite -->
        <test-method signature="verifyTitle()[pri:1, instance:tests.SauceDemoTest@4201c465]" started-at="2025-06-06T15:47:26 IST" name="verifyTitle" finished-at="2025-06-06T15:47:26 IST" duration-ms="462" status="PASS">
          <reporter-output>
          </reporter-output>
        </test-method> <!-- verifyTitle -->
        <test-method signature="positiveLoginTest(java.lang.String,java.lang.String)[pri:2, instance:tests.SauceDemoTest@4201c465]" started-at="2025-06-06T15:47:26 IST" name="positiveLoginTest" finished-at="2025-06-06T15:47:27 IST" duration-ms="733" status="PASS">
          <params>
            <param index="0">
              <value>
                <![CDATA[standard_user]]>
              </value>
            </param>
            <param index="1">
              <value>
                <![CDATA[secret_sauce]]>
              </value>
            </param>
          </params>
          <reporter-output>
          </reporter-output>
        </test-method> <!-- positiveLoginTest -->
        <test-method signature="negativeLoginTest(java.lang.String,java.lang.String)[pri:3, instance:tests.SauceDemoTest@4201c465]" started-at="2025-06-06T15:47:27 IST" name="negativeLoginTest" finished-at="2025-06-06T15:47:28 IST" duration-ms="642" status="PASS">
          <params>
            <param index="0">
              <value>
                <![CDATA[standard_Invaliduser]]>
              </value>
            </param>
            <param index="1">
              <value>
                <![CDATA[secret_Invalidpwd]]>
              </value>
            </param>
          </params>
          <reporter-output>
          </reporter-output>
        </test-method> <!-- negativeLoginTest -->
        <test-method is-config="true" signature="tearDownSuite()[pri:0, instance:tests.SauceDemoTest@4201c465]" started-at="2025-06-06T15:47:28 IST" name="tearDownSuite" finished-at="2025-06-06T15:47:28 IST" duration-ms="725" status="PASS">
          <reporter-output>
          </reporter-output>
        </test-method> <!-- tearDownSuite -->
      </class> <!-- tests.SauceDemoTest -->
    </test> <!-- LoginTests -->
  </suite> <!-- SauceDemoTestSuite -->
</testng-results>
