<?xml version="1.0" encoding="UTF-8"?>
<!-- Generated by org.testng.reporters.JUnitXMLReporter -->
<testsuite ignored="0" hostname="DESKTOP-AV2PARO" failures="0" tests="3" name="LoginTests" time="101.847" errors="0" timestamp="2025-06-02T14:43:40 IST">
  <testcase classname="tests.SauceDemoTest" name="verifyTitle" time="0.952"/>
  <testcase classname="tests.SauceDemoTest" name="positiveLoginTest" time="1.127"/>
  <testcase classname="tests.SauceDemoTest" name="negativeLoginTest" time="99.677"/>
</testsuite> <!-- LoginTests -->
