<?xml version="1.0" encoding="UTF-8"?>
<!-- Generated by org.testng.reporters.JUnitXMLReporter -->
<testsuite ignored="0" hostname="56ba6686309b57e" failures="0" tests="3" name="LoginTests" time="1.908" errors="0" timestamp="2025-06-06T15:47:28 IST">
  <testcase classname="tests.SauceDemoTest" name="verifyTitle" time="0.462"/>
  <testcase classname="tests.SauceDemoTest" name="positiveLoginTest" time="0.733"/>
  <testcase classname="tests.SauceDemoTest" name="negativeLoginTest" time="0.642"/>
</testsuite> <!-- LoginTests -->
