<?xml version="1.0" encoding="UTF-8"?>
<!-- Generated by org.testng.reporters.JUnitXMLReporter -->
<testsuite ignored="2" hostname="DESKTOP-AV2PARO" failures="0" tests="3" name="LoginTests" time="34.063" errors="0" timestamp="2025-06-08T22:29:05 IST">
  <testcase classname="tests.LoginTest" name="testLogin" time="6.482"/>
  <testcase classname="tests.LoginTest" name="testLogin" time="5.304"/>
  <testcase classname="tests.AddToCartTest" name="testAddToCart" time="6.804"/>
  <testcase classname="base.BaseTest" name="@AfterSuite tearDownReporting" time="0.0">
    <ignored/>
  </testcase> <!-- @AfterSuite tearDownReporting -->
  <testcase classname="base.BaseTest" name="@BeforeSuite setupExtentReport" time="0.0">
    <ignored/>
  </testcase> <!-- @BeforeSuite setupExtentReport -->
</testsuite> <!-- LoginTests -->
