<?xml version="1.0" encoding="UTF-8"?>
<!-- Generated by org.testng.reporters.JUnitReportReporter -->
<testsuite hostname="DESKTOP-AV2PARO" failures="0" tests="3" name="tests.SauceDemoTest" time="101.756" errors="0" timestamp="2025-06-02T14:43:41 IST" skipped="0">
  <testcase classname="tests.SauceDemoTest" name="verifyTitle" time="0.952"/>
  <testcase classname="tests.SauceDemoTest" name="positiveLoginTest" time="1.127"/>
  <testcase classname="tests.SauceDemoTest" name="negativeLoginTest" time="99.677"/>
</testsuite> <!-- tests.SauceDemoTest -->
